make --dry-run --always-make --keep-going --print-directory
make: Entering directory '/home/user/Code/c++/BulletSimulation'
/usr/lib/qt5/bin/qmake -o Makefile BulletSimulation.pro
 
WARNING: Failure to find: vcpkg/installed/x64-linux/include/tiny_obj_loader.h
WARNING: Failure to find: vcpkg/installed/x64-linux/include/tinyxml2.h
WARNING: Failure to find: vcpkg/installed/x64-linux/include/bullet/btBulletCollisionCommon.h
WARNING: Failure to find: vcpkg/installed/x64-linux/include/bullet/btBulletDynamicsCommon.h
WARNING: Failure to find: vcpkg/installed/x64-linux/include/glm/common.hpp
WARNING: Failure to find: vcpkg/installed/x64-linux/include/glm/exponential.hpp
WARNING: Failure to find: vcpkg/installed/x64-linux/include/glm/ext.hpp
WARNING: Failure to find: vcpkg/installed/x64-linux/include/glm/fwd.hpp
WARNING: Failure to find: vcpkg/installed/x64-linux/include/glm/geometric.hpp
WARNING: Failure to find: vcpkg/installed/x64-linux/include/glm/glm.hpp
WARNING: Failure to find: vcpkg/installed/x64-linux/include/glm/integer.hpp
WARNING: Failure to find: vcpkg/installed/x64-linux/include/glm/mat2x2.hpp
WARNING: Failure to find: vcpkg/installed/x64-linux/include/glm/mat2x3.hpp
WARNING: Failure to find: vcpkg/installed/x64-linux/include/glm/mat2x4.hpp
WARNING: Failure to find: vcpkg/installed/x64-linux/include/glm/mat3x2.hpp
WARNING: Failure to find: vcpkg/installed/x64-linux/include/glm/mat3x3.hpp
WARNING: Failure to find: vcpkg/installed/x64-linux/include/glm/mat3x4.hpp
WARNING: Failure to find: vcpkg/installed/x64-linux/include/glm/mat4x2.hpp
WARNING: Failure to find: vcpkg/installed/x64-linux/include/glm/mat4x3.hpp
WARNING: Failure to find: vcpkg/installed/x64-linux/include/glm/mat4x4.hpp
WARNING: Failure to find: vcpkg/installed/x64-linux/include/glm/matrix.hpp
WARNING: Failure to find: vcpkg/installed/x64-linux/include/glm/packing.hpp
WARNING: Failure to find: vcpkg/installed/x64-linux/include/glm/trigonometric.hpp
WARNING: Failure to find: vcpkg/installed/x64-linux/include/glm/vec2.hpp
WARNING: Failure to find: vcpkg/installed/x64-linux/include/glm/vec3.hpp
WARNING: Failure to find: vcpkg/installed/x64-linux/include/glm/vec4.hpp
WARNING: Failure to find: vcpkg/installed/x64-linux/include/glm/vector_relational.hpp
WARNING: Failure to find: vcpkg/installed/x64-linux/include/json/allocator.h
WARNING: Failure to find: vcpkg/installed/x64-linux/include/json/assertions.h
WARNING: Failure to find: vcpkg/installed/x64-linux/include/json/config.h
WARNING: Failure to find: vcpkg/installed/x64-linux/include/json/forwards.h
WARNING: Failure to find: vcpkg/installed/x64-linux/include/json/json.h
WARNING: Failure to find: vcpkg/installed/x64-linux/include/json/json_features.h
WARNING: Failure to find: vcpkg/installed/x64-linux/include/json/reader.h
WARNING: Failure to find: vcpkg/installed/x64-linux/include/json/value.h
WARNING: Failure to find: vcpkg/installed/x64-linux/include/json/version.h
WARNING: Failure to find: vcpkg/installed/x64-linux/include/json/writer.h
WARNING: Failure to find: vcpkg/installed/x64-linux/include/SDL2/begin_code.h
WARNING: Failure to find: vcpkg/installed/x64-linux/include/SDL2/close_code.h
WARNING: Failure to find: vcpkg/installed/x64-linux/include/SDL2/SDL.h
WARNING: Failure to find: vcpkg/installed/x64-linux/include/SDL2/SDL_assert.h
WARNING: Failure to find: vcpkg/installed/x64-linux/include/SDL2/SDL_atomic.h
WARNING: Failure to find: vcpkg/installed/x64-linux/include/SDL2/SDL_audio.h
WARNING: Failure to find: vcpkg/installed/x64-linux/include/SDL2/SDL_bits.h
WARNING: Failure to find: vcpkg/installed/x64-linux/include/SDL2/SDL_blendmode.h
WARNING: Failure to find: vcpkg/installed/x64-linux/include/SDL2/SDL_clipboard.h
WARNING: Failure to find: vcpkg/installed/x64-linux/include/SDL2/SDL_config.h
WARNING: Failure to find: vcpkg/installed/x64-linux/include/SDL2/SDL_config_android.h
WARNING: Failure to find: vcpkg/installed/x64-linux/include/SDL2/SDL_config_iphoneos.h
WARNING: Failure to find: vcpkg/installed/x64-linux/include/SDL2/SDL_config_macosx.h
WARNING: Failure to find: vcpkg/installed/x64-linux/include/SDL2/SDL_config_minimal.h
WARNING: Failure to find: vcpkg/installed/x64-linux/include/SDL2/SDL_config_os2.h
WARNING: Failure to find: vcpkg/installed/x64-linux/include/SDL2/SDL_config_pandora.h
WARNING: Failure to find: vcpkg/installed/x64-linux/include/SDL2/SDL_config_psp.h
WARNING:  
Failure to find: vcpkg/installed/x64-linux/include/SDL2/SDL_config_windows.h
WARNING: Failure to find: vcpkg/installed/x64-linux/include/SDL2/SDL_config_winrt.h
WARNING: Failure to find: vcpkg/installed/x64-linux/include/SDL2/SDL_config_wiz.h
WARNING: Failure to find: vcpkg/installed/x64-linux/include/SDL2/SDL_copying.h
WARNING: Failure to find: vcpkg/installed/x64-linux/include/SDL2/SDL_cpuinfo.h
WARNING: Failure to find: vcpkg/installed/x64-linux/include/SDL2/SDL_egl.h
WARNING: Failure to find: vcpkg/installed/x64-linux/include/SDL2/SDL_endian.h
WARNING: Failure to find: vcpkg/installed/x64-linux/include/SDL2/SDL_error.h
WARNING: Failure to find: vcpkg/installed/x64-linux/include/SDL2/SDL_events.h
WARNING: Failure to find: vcpkg/installed/x64-linux/include/SDL2/SDL_filesystem.h
WARNING: Failure to find: vcpkg/installed/x64-linux/include/SDL2/SDL_gamecontroller.h
WARNING: Failure to find: vcpkg/installed/x64-linux/include/SDL2/SDL_gesture.h
WARNING: Failure to find: vcpkg/installed/x64-linux/include/SDL2/SDL_haptic.h
WARNING: Failure to find: vcpkg/installed/x64-linux/include/SDL2/SDL_hints.h
WARNING: Failure to find: vcpkg/installed/x64-linux/include/SDL2/SDL_joystick.h
WARNING: Failure to find: vcpkg/installed/x64-linux/include/SDL2/SDL_keyboard.h
WARNING: Failure to find: vcpkg/installed/x64-linux/include/SDL2/SDL_keycode.h
WARNING: Failure to find: vcpkg/installed/x64-linux/include/SDL2/SDL_loadso.h
WARNING: Failure to find: vcpkg/installed/x64-linux/include/SDL2/SDL_locale.h
WARNING: Failure to find: vcpkg/installed/x64-linux/include/SDL2/SDL_log.h
WARNING: Failure to find: vcpkg/installed/x64-linux/include/SDL2/SDL_main.h
WARNING: Failure to find: vcpkg/installed/x64-linux/include/SDL2/SDL_messagebox.h
WARNING: Failure to find: vcpkg/installed/x64-linux/include/SDL2/SDL_metal.h
WARNING: Failure to find: vcpkg/installed/x64-linux/include/SDL2/SDL_misc.h
WARNING: Failure to find: vcpkg/installed/x64-linux/include/SDL2/SDL_mouse.h
WARNING: Failure to find: vcpkg/installed/x64-linux/include/SDL2/SDL_mutex.h
WARNING: Failure to find: vcpkg/installed/x64-linux/include/SDL2/SDL_name.h
WARNING: Failure to find: vcpkg/installed/x64-linux/include/SDL2/SDL_opengl.h
WARNING: Failure to find: vcpkg/installed/x64-linux/include/SDL2/SDL_opengl_glext.h
WARNING: Failure to find: vcpkg/installed/x64-linux/include/SDL2/SDL_opengles.h
WARNING: Failure to find: vcpkg/installed/x64-linux/include/SDL2/SDL_opengles2.h
WARNING: Failure to find: vcpkg/installed/x64-linux/include/SDL2/SDL_opengles2_gl2.h
WARNING: Failure to find: vcpkg/installed/x64-linux/include/SDL2/SDL_opengles2_gl2ext.h
WARNING: Failure to find: vcpkg/installed/x64-linux/include/SDL2/SDL_opengles2_gl2platform.h
WARNING: Failure to find: vcpkg/installed/x64-linux/include/SDL2/SDL_opengles2_khrplatform.h
WARNING: Failure to find: vcpkg/installed/x64-linux/include/SDL2/SDL_pixels.h
WARNING: Failure to find: vcpkg/installed/x64-linux/include/SDL2/SDL_platform.h
WARNING: Failure to find: vcpkg/installed/x64-linux/include/SDL2/SDL_power.h
WARNING: Failure to find: vcpkg/installed/x64-linux/include/SDL2/SDL_quit.h
WARNING: Failure to find: vcpkg/installed/x64-linux/include/SDL2/SDL_rect.h
WARNING: Failure to find: vcpkg/installed/x64-linux/include/SDL2/SDL_render.h
WARNING: Failure to find: vcpkg/installed/x64-linux/include/SDL2/SDL_revision.h
WARNING: Failure to find: vcpkg/installed/x64-linux/include/SDL2/SDL_rwops.h
WARNING: Failure to find: vcpkg/installed/x64-linux/include/SDL2/SDL_scancode.h
WARNING: Failure to find: vcpkg/installed/x64-linux/include/SDL2/SDL_sensor.h
WARNING: Failure to find: vcpkg/installed/x64-linux/include/SDL2/SDL_shape.h
WARNING: Failure to find: vcpkg/installed/x64-linux/include/SDL2/SDL_stdinc.h
WARNING: Failure to find: vcpkg/installed/x64-linux/include/SDL2/SDL_surface.h
WARNING: Failure to find: vcpkg/installed/x64-linux/include/SDL2/SDL_system.h
WARNING: Failure to find: vcpkg/installed/x64-linux/include/SDL2/SDL_syswm.h
WARNING: Failure to find: vcpkg/installed/x64-linux/include/SDL2/SDL_test.h
WARNING: Failure to find: vcpkg/installed/x64-linux/include/SDL2/SDL_test_assert.h
WARNING: Failure to find: vcpkg/installed/x64-linux/include/SDL2/SDL_test_common.h
WARNING: Failure to find: vcpkg/installed/x64-linux/include/SDL2/SDL_test_compare.h
WARNING: Failure to find: vcpkg/installed/x64-linux/include/SDL2/SDL_test_crc32.h
WARNING: Failure to find: vcpkg/installed/x64-linux/include/SDL2/SDL_test_font.h
WARNING: Failure to find: vcpkg/installed/x64-linux/include/SDL2/SDL_test_fuzzer.h
WARNING: Failure to find: vcpkg/installed/x64-linux/include/SDL2/SDL_test_harness.h
WARNING: Failure to find: vcpkg/installed/x64-linux/include/SDL2/SDL_test_images.h
WARNING: Failure to find: vcpkg/installed/x64-linux/include/SDL2/SDL_test_log.h
WARNING: Failure to find: vcpkg/installed/x64-linux/include/SDL2/SDL_test_md5.h
WARNING: Failure to find: vcpkg/installed/x64-linux/include/SDL2/SDL_test_memory.h
WARNING: Failure to find: vcpkg/installed/x64-linux/include/SDL2/SDL_test_random.h
WARNING: Failure to find: vcpkg/installed/x64-linux/include/SDL2/SDL_thread.h
WARNING: Failure to find: vcpkg/installed/x64-linux/include/SDL2/SDL_timer.h
WARNING: Failure to find: vcpkg/installed/x64-linux/include/SDL2/SDL_touch.h
WARNING: Failure to find: vcpkg/installed/x64-linux/include/SDL2/SDL_types.h
WARNING: Failure to find: vcpkg/installed/x64-linux/include/SDL2/SDL_version.h
WARNING: Failure to find: vcpkg/installed/x64-linux/include/SDL2/SDL_video.h
WARNING: Failure to find: vcpkg/installed/x64-linux/include/SDL2/SDL_vulkan.h
WARNING: Failure to find: vcpkg/installed/x64-linux/include/bullet/Bullet3Common/b3AlignedAllocator.h
WARNING: Failure to find: vcpkg/installed/x64-linux/include/bullet/Bullet3Common/b3AlignedObjectArray.h
WARNING: Failure to find: vcpkg/installed/x64-linux/include/bullet/Bullet3Common/b3CommandLineArgs.h
WARNING: Failure to find: vcpkg/installed/x64-linux/include/bullet/Bullet3Common/b3FileUtils.h
WARNING: Failure to find: vcpkg/installed/x64-linux/include/bullet/Bullet3Common/b3HashMap.h
WARNING: Failure to find: vcpkg/installed/x64-linux/include/bullet/Bullet3Common/b3Logging.h
WARNING: Failure to find: vcpkg/installed/x64-linux/include/bullet/Bullet3Common/b3Matrix3x3.h
WARNING: Failure to find: vcpkg/installed/x64-linux/include/bullet/Bullet3Common/b3MinMax.h
WARNING: Failure to find: vcpkg/installed/x64-linux/include/bullet/Bullet3Common/b3PoolAllocator.h
WARNING: Failure to find: vcpkg/installed/x64-linux/include/bullet/Bullet3Common/b3QuadWord.h
WARNING: Failure to find: vcpkg/installed/x64-linux/include/bullet/Bullet3Common/b3Quaternion.h
WARNING: Failure to find: vcpkg/installed/x64-linux/include/bullet/Bullet3Common/b3Random.h
WARNING: Failure to find: vcpkg/installed/x64-linux/include/bullet/Bullet3Common/b3ResizablePool.h
WARNING: Failure to find: vcpkg/installed/x64-linux/include/bullet/Bullet3Common/b3Scalar.h
WARNING: Failure to find: vcpkg/installed/x64-linux/include/bullet/Bullet3Common/b3StackAlloc.h
WARNING: Failure to find: vcpkg/installed/x64-linux/include/bullet/Bullet3Common/b3Transform.h
WARNING: Failure to find: vcpkg/installed/x64-linux/include/bullet/Bullet3Common/b3TransformUtil.h
WARNING: Failure to find: vcpkg/installed/x64-linux/include/bullet/Bullet3Common/b3Vector3.h
WARNING: Failure to find: vcpkg/installed/x64-linux/include/bullet/BulletCollision/btBulletCollisionCommon.h
WARNING: Failure to find: vcpkg/installed/x64-linux/include/bullet/BulletDynamics/btBulletDynamicsCommon.h
WARNING: Failure to find: vcpkg/installed/x64-linux/include/bullet/BulletInverseDynamics/btBulletCollisionCommon.h
WARNING: Failure to find: vcpkg/installed/x64-linux/include/bullet/BulletSoftBody/btCGProjection.h
WARNING: Failure to find: vcpkg/installed/x64-linux/include/bullet/BulletSoftBody/btConjugateGradient.h
WARNING: Failure to find: vcpkg/installed/x64-linux/include/bullet/BulletSoftBody/btDefaultSoftBodySolver.h
 
WARNING: Failure to find: vcpkg/installed/x64-linux/include/bullet/BulletSoftBody/btDeformableBackwardEulerObjective.h
WARNING: Failure to find: vcpkg/installed/x64-linux/include/bullet/BulletSoftBody/btDeformableBodySolver.h
WARNING: Failure to find: vcpkg/installed/x64-linux/include/bullet/BulletSoftBody/btDeformableContactConstraint.h
WARNING: Failure to find: vcpkg/installed/x64-linux/include/bullet/BulletSoftBody/btDeformableContactProjection.h
WARNING: Failure to find: vcpkg/installed/x64-linux/include/bullet/BulletSoftBody/btDeformableCorotatedForce.h
WARNING: Failure to find: vcpkg/installed/x64-linux/include/bullet/BulletSoftBody/btDeformableGravityForce.h
WARNING: Failure to find: vcpkg/installed/x64-linux/include/bullet/BulletSoftBody/btDeformableLagrangianForce.h
WARNING: Failure to find: vcpkg/installed/x64-linux/include/bullet/BulletSoftBody/btDeformableLinearElasticityForce.h
WARNING: Failure to find: vcpkg/installed/x64-linux/include/bullet/BulletSoftBody/btDeformableMassSpringForce.h
WARNING: Failure to find: vcpkg/installed/x64-linux/include/bullet/BulletSoftBody/btDeformableMultiBodyConstraintSolver.h
WARNING: Failure to find: vcpkg/installed/x64-linux/include/bullet/BulletSoftBody/btDeformableMultiBodyDynamicsWorld.h
WARNING: Failure to find: vcpkg/installed/x64-linux/include/bullet/BulletSoftBody/btDeformableNeoHookeanForce.h
WARNING: Failure to find: vcpkg/installed/x64-linux/include/bullet/BulletSoftBody/btPreconditioner.h
WARNING: Failure to find: vcpkg/installed/x64-linux/include/bullet/BulletSoftBody/btSoftBody.h
WARNING: Failure to find: vcpkg/installed/x64-linux/include/bullet/BulletSoftBody/btSoftBodyConcaveCollisionAlgorithm.h
WARNING: Failure to find: vcpkg/installed/x64-linux/include/bullet/BulletSoftBody/btSoftBodyData.h
WARNING: Failure to find: vcpkg/installed/x64-linux/include/bullet/BulletSoftBody/btSoftBodyHelpers.h
WARNING: Failure to find: vcpkg/installed/x64-linux/include/bullet/BulletSoftBody/btSoftBodyInternals.h
WARNING: Failure to find: vcpkg/installed/x64-linux/include/bullet/BulletSoftBody/btSoftBodyRigidBodyCollisionConfiguration.h
WARNING: Failure to find: vcpkg/installed/x64-linux/include/bullet/BulletSoftBody/btSoftBodySolvers.h
WARNING: Failure to find: vcpkg/installed/x64-linux/include/bullet/BulletSoftBody/btSoftBodySolverVertexBuffer.h
WARNING: Failure to find: vcpkg/installed/x64-linux/include/bullet/BulletSoftBody/btSoftMultiBodyDynamicsWorld.h
WARNING: Failure to find: vcpkg/installed/x64-linux/include/bullet/BulletSoftBody/btSoftRigidCollisionAlgorithm.h
WARNING: Failure to find: vcpkg/installed/x64-linux/include/bullet/BulletSoftBody/btSoftRigidDynamicsWorld.h
WARNING: Failure to find: vcpkg/installed/x64-linux/include/bullet/BulletSoftBody/btSoftSoftCollisionAlgorithm.h
WARNING: Failure to find: vcpkg/installed/x64-linux/include/bullet/BulletSoftBody/btSparseSDF.h
WARNING: Failure to find: vcpkg/installed/x64-linux/include/bullet/BulletSoftBody/DeformableBodyInplaceSolverIslandCallback.h
WARNING: Failure to find: vcpkg/installed/x64-linux/include/bullet/LinearMath/btAabbUtil2.h
WARNING: Failure to find: vcpkg/installed/x64-linux/include/bullet/LinearMath/btAlignedAllocator.h
WARNING: Failure to find: vcpkg/installed/x64-linux/include/bullet/LinearMath/btAlignedObjectArray.h
WARNING: Failure to find: vcpkg/installed/x64-linux/include/bullet/LinearMath/btConvexHull.h
WARNING: Failure to find: vcpkg/installed/x64-linux/include/bullet/LinearMath/btConvexHullComputer.h
WARNING: Failure to find: vcpkg/installed/x64-linux/include/bullet/LinearMath/btCpuFeatureUtility.h
WARNING: Failure to find: vcpkg/installed/x64-linux/include/bullet/LinearMath/btDefaultMotionState.h
WARNING: Failure to find: vcpkg/installed/x64-linux/include/bullet/LinearMath/btGeometryUtil.h
WARNING: Failure to find: vcpkg/installed/x64-linux/include/bullet/LinearMath/btGrahamScan2dConvexHull.h
WARNING: Failure to find: vcpkg/installed/x64-linux/include/bullet/LinearMath/btHashMap.h
WARNING: Failure to find: vcpkg/installed/x64-linux/include/bullet/LinearMath/btIDebugDraw.h
WARNING: Failure to find: vcpkg/installed/x64-linux/include/bullet/LinearMath/btImplicitQRSVD.h
WARNING: Failure to find: vcpkg/installed/x64-linux/include/bullet/LinearMath/btList.h
WARNING: Failure to find: vcpkg/installed/x64-linux/include/bullet/LinearMath/btMatrix3x3.h
WARNING: Failure to find: vcpkg/installed/x64-linux/include/bullet/LinearMath/btMatrixX.h
WARNING: Failure to find: vcpkg/installed/x64-linux/include/bullet/LinearMath/btMinMax.h
WARNING: Failure to find: vcpkg/installed/x64-linux/include/bullet/LinearMath/btMotionState.h
WARNING:  
Failure to find: vcpkg/installed/x64-linux/include/bullet/LinearMath/btPolarDecomposition.h
WARNING: Failure to find: vcpkg/installed/x64-linux/include/bullet/LinearMath/btPoolAllocator.h
WARNING: Failure to find: vcpkg/installed/x64-linux/include/bullet/LinearMath/btQuadWord.h
WARNING: Failure to find: vcpkg/installed/x64-linux/include/bullet/LinearMath/btQuaternion.h
WARNING: Failure to find: vcpkg/installed/x64-linux/include/bullet/LinearMath/btQuickprof.h
WARNING: Failure to find: vcpkg/installed/x64-linux/include/bullet/LinearMath/btRandom.h
WARNING: Failure to find: vcpkg/installed/x64-linux/include/bullet/LinearMath/btScalar.h
WARNING: Failure to find: vcpkg/installed/x64-linux/include/bullet/LinearMath/btSerializer.h
WARNING: Failure to find: vcpkg/installed/x64-linux/include/bullet/LinearMath/btSpatialAlgebra.h
WARNING: Failure to find: vcpkg/installed/x64-linux/include/bullet/LinearMath/btStackAlloc.h
WARNING: Failure to find: vcpkg/installed/x64-linux/include/bullet/LinearMath/btThreads.h
WARNING: Failure to find: vcpkg/installed/x64-linux/include/bullet/LinearMath/btTransform.h
WARNING: Failure to find: vcpkg/installed/x64-linux/include/bullet/LinearMath/btTransformUtil.h
WARNING: Failure to find: vcpkg/installed/x64-linux/include/bullet/LinearMath/btVector3.h
WARNING: Failure to find: vcpkg/installed/x64-linux/include/glm/detail/_features.hpp
WARNING: Failure to find: vcpkg/installed/x64-linux/include/glm/detail/_fixes.hpp
WARNING: Failure to find: vcpkg/installed/x64-linux/include/glm/detail/_noise.hpp
WARNING: Failure to find: vcpkg/installed/x64-linux/include/glm/detail/_swizzle.hpp
WARNING: Failure to find: vcpkg/installed/x64-linux/include/glm/detail/_swizzle_func.hpp
WARNING: Failure to find: vcpkg/installed/x64-linux/include/glm/detail/_vectorize.hpp
WARNING: Failure to find: vcpkg/installed/x64-linux/include/glm/detail/compute_common.hpp
 
WARNING: Failure to find: vcpkg/installed/x64-linux/include/glm/detail/compute_vector_relational.hpp
WARNING: Failure to find: vcpkg/installed/x64-linux/include/glm/detail/qualifier.hpp
WARNING: Failure to find: vcpkg/installed/x64-linux/include/glm/detail/setup.hpp
WARNING: Failure to find: vcpkg/installed/x64-linux/include/glm/detail/type_float.hpp
WARNING: Failure to find: vcpkg/installed/x64-linux/include/glm/detail/type_half.hpp
WARNING: Failure to find: vcpkg/installed/x64-linux/include/glm/detail/type_mat2x2.hpp
WARNING: Failure to find: vcpkg/installed/x64-linux/include/glm/detail/type_mat2x3.hpp
WARNING: Failure to find: vcpkg/installed/x64-linux/include/glm/detail/type_mat2x4.hpp
WARNING: Failure to find: vcpkg/installed/x64-linux/include/glm/detail/type_mat3x2.hpp
WARNING: Failure to find: vcpkg/installed/x64-linux/include/glm/detail/type_mat3x3.hpp
WARNING: Failure to find: vcpkg/installed/x64-linux/include/glm/detail/type_mat3x4.hpp
WARNING: Failure to find: vcpkg/installed/x64-linux/include/glm/detail/type_mat4x2.hpp
WARNING: Failure to find: vcpkg/installed/x64-linux/include/glm/detail/type_mat4x3.hpp
WARNING: Failure to find: vcpkg/installed/x64-linux/include/glm/detail/type_mat4x4.hpp
WARNING: Failure to find: vcpkg/installed/x64-linux/include/glm/detail/type_quat.hpp
WARNING: Failure to find: vcpkg/installed/x64-linux/include/glm/detail/type_vec1.hpp
WARNING: Failure to find: vcpkg/installed/x64-linux/include/glm/detail/type_vec2.hpp
WARNING: Failure to find: vcpkg/installed/x64-linux/include/glm/detail/type_vec3.hpp
WARNING: Failure to find: vcpkg/installed/x64-linux/include/glm/detail/type_vec4.hpp
WARNING: Failure to find: vcpkg/installed/x64-linux/include/glm/ext/matrix_clip_space.hpp
WARNING: Failure to find: vcpkg/installed/x64-linux/include/glm/ext/matrix_common.hpp
WARNING: Failure to find: vcpkg/installed/x64-linux/include/glm/ext/matrix_double2x2.hpp
WARNING: Failure to find: vcpkg/installed/x64-linux/include/glm/ext/matrix_double2x2_precision.hpp
WARNING: Failure to find: vcpkg/installed/x64-linux/include/glm/ext/matrix_double2x3.hpp
WARNING: Failure to find: vcpkg/installed/x64-linux/include/glm/ext/matrix_double2x3_precision.hpp
WARNING: Failure to find: vcpkg/installed/x64-linux/include/glm/ext/matrix_double2x4.hpp
WARNING: Failure to find: vcpkg/installed/x64-linux/include/glm/ext/matrix_double2x4_precision.hpp
WARNING: Failure to find: vcpkg/installed/x64-linux/include/glm/ext/matrix_double3x2.hpp
WARNING: Failure to find: vcpkg/installed/x64-linux/include/glm/ext/matrix_double3x2_precision.hpp
WARNING: Failure to find: vcpkg/installed/x64-linux/include/glm/ext/matrix_double3x3.hpp
WARNING: Failure to find: vcpkg/installed/x64-linux/include/glm/ext/matrix_double3x3_precision.hpp
WARNING: Failure to find: vcpkg/installed/x64-linux/include/glm/ext/matrix_double3x4.hpp
WARNING: Failure to find: vcpkg/installed/x64-linux/include/glm/ext/matrix_double3x4_precision.hpp
WARNING: Failure to find: vcpkg/installed/x64-linux/include/glm/ext/matrix_double4x2.hpp
WARNING: Failure to find: vcpkg/installed/x64-linux/include/glm/ext/matrix_double4x2_precision.hpp
WARNING: Failure to find: vcpkg/installed/x64-linux/include/glm/ext/matrix_double4x3.hpp
WARNING: Failure to find: vcpkg/installed/x64-linux/include/glm/ext/matrix_double4x3_precision.hpp
WARNING: Failure to find: vcpkg/installed/x64-linux/include/glm/ext/matrix_double4x4.hpp
WARNING: Failure to find: vcpkg/installed/x64-linux/include/glm/ext/matrix_double4x4_precision.hpp
WARNING: Failure to find: vcpkg/installed/x64-linux/include/glm/ext/matrix_float2x2.hpp
WARNING: Failure to find: vcpkg/installed/x64-linux/include/glm/ext/matrix_float2x2_precision.hpp
WARNING: Failure to find: vcpkg/installed/x64-linux/include/glm/ext/matrix_float2x3.hpp
WARNING: Failure to find: vcpkg/installed/x64-linux/include/glm/ext/matrix_float2x3_precision.hpp
WARNING: Failure to find: vcpkg/installed/x64-linux/include/glm/ext/matrix_float2x4.hpp
WARNING: Failure to find: vcpkg/installed/x64-linux/include/glm/ext/matrix_float2x4_precision.hpp
WARNING: Failure to find: vcpkg/installed/x64-linux/include/glm/ext/matrix_float3x2.hpp
WARNING: Failure to find: vcpkg/installed/x64-linux/include/glm/ext/matrix_float3x2_precision.hpp
WARNING: Failure to find: vcpkg/installed/x64-linux/include/glm/ext/matrix_float3x3.hpp
WARNING: Failure to find: vcpkg/installed/x64-linux/include/glm/ext/matrix_float3x3_precision.hpp
WARNING: Failure to find: vcpkg/installed/x64-linux/include/glm/ext/matrix_float3x4.hpp
WARNING: Failure to find: vcpkg/installed/x64-linux/include/glm/ext/matrix_float3x4_precision.hpp
WARNING: Failure to find: vcpkg/installed/x64-linux/include/glm/ext/matrix_float4x2.hpp
WARNING: Failure to find: vcpkg/installed/x64-linux/include/glm/ext/matrix_float4x2_precision.hpp
WARNING: Failure to find: vcpkg/installed/x64-linux/include/glm/ext/matrix_float4x3.hpp
WARNING: Failure to find: vcpkg/installed/x64-linux/include/glm/ext/matrix_float4x3_precision.hpp
WARNING: Failure to find: vcpkg/installed/x64-linux/include/glm/ext/matrix_float4x4.hpp
 
WARNING: Failure to find: vcpkg/installed/x64-linux/include/glm/ext/matrix_float4x4_precision.hpp
WARNING: Failure to find: vcpkg/installed/x64-linux/include/glm/ext/matrix_int2x2.hpp
WARNING: Failure to find: vcpkg/installed/x64-linux/include/glm/ext/matrix_int2x2_sized.hpp
WARNING: Failure to find: vcpkg/installed/x64-linux/include/glm/ext/matrix_int2x3.hpp
WARNING: Failure to find: vcpkg/installed/x64-linux/include/glm/ext/matrix_int2x3_sized.hpp
WARNING: Failure to find: vcpkg/installed/x64-linux/include/glm/ext/matrix_int2x4.hpp
WARNING: Failure to find: vcpkg/installed/x64-linux/include/glm/ext/matrix_int2x4_sized.hpp
WARNING: Failure to find: vcpkg/installed/x64-linux/include/glm/ext/matrix_int3x2.hpp
WARNING: Failure to find: vcpkg/installed/x64-linux/include/glm/ext/matrix_int3x2_sized.hpp
WARNING: Failure to find: vcpkg/installed/x64-linux/include/glm/ext/matrix_int3x3.hpp
WARNING: Failure to find: vcpkg/installed/x64-linux/include/glm/ext/matrix_int3x3_sized.hpp
WARNING: Failure to find: vcpkg/installed/x64-linux/include/glm/ext/matrix_int3x4.hpp
WARNING: Failure to find: vcpkg/installed/x64-linux/include/glm/ext/matrix_int3x4_sized.hpp
WARNING: Failure to find: vcpkg/installed/x64-linux/include/glm/ext/matrix_int4x2.hpp
WARNING: Failure to find: vcpkg/installed/x64-linux/include/glm/ext/matrix_int4x2_sized.hpp
WARNING: Failure to find: vcpkg/installed/x64-linux/include/glm/ext/matrix_int4x3.hpp
WARNING: Failure to find: vcpkg/installed/x64-linux/include/glm/ext/matrix_int4x3_sized.hpp
WARNING: Failure to find: vcpkg/installed/x64-linux/include/glm/ext/matrix_int4x4.hpp
WARNING: Failure to find: vcpkg/installed/x64-linux/include/glm/ext/matrix_int4x4_sized.hpp
WARNING: Failure to find: vcpkg/installed/x64-linux/include/glm/ext/matrix_projection.hpp
WARNING: Failure to find: vcpkg/installed/x64-linux/include/glm/ext/matrix_relational.hpp
WARNING: Failure to find: vcpkg/installed/x64-linux/include/glm/ext/matrix_transform.hpp
WARNING: Failure to find: vcpkg/installed/x64-linux/include/glm/ext/matrix_uint2x2.hpp
WARNING: Failure to find: vcpkg/installed/x64-linux/include/glm/ext/matrix_uint2x2_sized.hpp
WARNING: Failure to find: vcpkg/installed/x64-linux/include/glm/ext/matrix_uint2x3.hpp
WARNING: Failure to find: vcpkg/installed/x64-linux/include/glm/ext/matrix_uint2x3_sized.hpp
WARNING: Failure to find: vcpkg/installed/x64-linux/include/glm/ext/matrix_uint2x4.hpp
WARNING: Failure to find: vcpkg/installed/x64-linux/include/glm/ext/matrix_uint2x4_sized.hpp
WARNING: Failure to find: vcpkg/installed/x64-linux/include/glm/ext/matrix_uint3x2.hpp
WARNING: Failure to find: vcpkg/installed/x64-linux/include/glm/ext/matrix_uint3x2_sized.hpp
WARNING: Failure to find: vcpkg/installed/x64-linux/include/glm/ext/matrix_uint3x3.hpp
WARNING: Failure to find: vcpkg/installed/x64-linux/include/glm/ext/matrix_uint3x3_sized.hpp
WARNING: Failure to find: vcpkg/installed/x64-linux/include/glm/ext/matrix_uint3x4.hpp
WARNING: Failure to find: vcpkg/installed/x64-linux/include/glm/ext/matrix_uint3x4_sized.hpp
WARNING: Failure to find: vcpkg/installed/x64-linux/include/glm/ext/matrix_uint4x2.hpp
WARNING: Failure to find: vcpkg/installed/x64-linux/include/glm/ext/matrix_uint4x2_sized.hpp
WARNING: Failure to find: vcpkg/installed/x64-linux/include/glm/ext/matrix_uint4x3.hpp
WARNING: Failure to find: vcpkg/installed/x64-linux/include/glm/ext/matrix_uint4x3_sized.hpp
WARNING: Failure to find: vcpkg/installed/x64-linux/include/glm/ext/matrix_uint4x4.hpp
WARNING: Failure to find: vcpkg/installed/x64-linux/include/glm/ext/matrix_uint4x4_sized.hpp
WARNING: Failure to find: vcpkg/installed/x64-linux/include/glm/ext/quaternion_common.hpp
WARNING: Failure to find: vcpkg/installed/x64-linux/include/glm/ext/quaternion_double.hpp
WARNING: Failure to find: vcpkg/installed/x64-linux/include/glm/ext/quaternion_double_precision.hpp
WARNING: Failure to find: vcpkg/installed/x64-linux/include/glm/ext/quaternion_exponential.hpp
WARNING: Failure to find: vcpkg/installed/x64-linux/include/glm/ext/quaternion_float.hpp
WARNING: Failure to find: vcpkg/installed/x64-linux/include/glm/ext/quaternion_float_precision.hpp
WARNING: Failure to find: vcpkg/installed/x64-linux/include/glm/ext/quaternion_geometric.hpp
WARNING: Failure to find: vcpkg/installed/x64-linux/include/glm/ext/quaternion_relational.hpp
WARNING: Failure to find: vcpkg/installed/x64-linux/include/glm/ext/quaternion_transform.hpp
WARNING:  
Failure to find: vcpkg/installed/x64-linux/include/glm/ext/quaternion_trigonometric.hpp
WARNING: Failure to find: vcpkg/installed/x64-linux/include/glm/ext/scalar_common.hpp
WARNING: Failure to find: vcpkg/installed/x64-linux/include/glm/ext/scalar_constants.hpp
WARNING: Failure to find: vcpkg/installed/x64-linux/include/glm/ext/scalar_int_sized.hpp
WARNING: Failure to find: vcpkg/installed/x64-linux/include/glm/ext/scalar_integer.hpp
WARNING: Failure to find: vcpkg/installed/x64-linux/include/glm/ext/scalar_packing.hpp
WARNING: Failure to find: vcpkg/installed/x64-linux/include/glm/ext/scalar_relational.hpp
WARNING: Failure to find: vcpkg/installed/x64-linux/include/glm/ext/scalar_uint_sized.hpp
WARNING: Failure to find: vcpkg/installed/x64-linux/include/glm/ext/scalar_ulp.hpp
WARNING: Failure to find: vcpkg/installed/x64-linux/include/glm/ext/vector_bool1.hpp
WARNING: Failure to find: vcpkg/installed/x64-linux/include/glm/ext/vector_bool1_precision.hpp
WARNING: Failure to find: vcpkg/installed/x64-linux/include/glm/ext/vector_bool2.hpp
WARNING: Failure to find: vcpkg/installed/x64-linux/include/glm/ext/vector_bool2_precision.hpp
WARNING: Failure to find: vcpkg/installed/x64-linux/include/glm/ext/vector_bool3.hpp
WARNING: Failure to find: vcpkg/installed/x64-linux/include/glm/ext/vector_bool3_precision.hpp
WARNING: Failure to find: vcpkg/installed/x64-linux/include/glm/ext/vector_bool4.hpp
WARNING: Failure to find: vcpkg/installed/x64-linux/include/glm/ext/vector_bool4_precision.hpp
WARNING: Failure to find: vcpkg/installed/x64-linux/include/glm/ext/vector_common.hpp
WARNING: Failure to find: vcpkg/installed/x64-linux/include/glm/ext/vector_double1.hpp
WARNING: Failure to find: vcpkg/installed/x64-linux/include/glm/ext/vector_double1_precision.hpp
WARNING: Failure to find: vcpkg/installed/x64-linux/include/glm/ext/vector_double2.hpp
WARNING: Failure to find: vcpkg/installed/x64-linux/include/glm/ext/vector_double2_precision.hpp
WARNING: Failure to find: vcpkg/installed/x64-linux/include/glm/ext/vector_double3.hpp
WARNING: Failure to find: vcpkg/installed/x64-linux/include/glm/ext/vector_double3_precision.hpp
WARNING: Failure to find: vcpkg/installed/x64-linux/include/glm/ext/vector_double4.hpp
WARNING: Failure to find: vcpkg/installed/x64-linux/include/glm/ext/vector_double4_precision.hpp
WARNING: Failure to find: vcpkg/installed/x64-linux/include/glm/ext/vector_float1.hpp
WARNING: Failure to find: vcpkg/installed/x64-linux/include/glm/ext/vector_float1_precision.hpp
WARNING: Failure to find: vcpkg/installed/x64-linux/include/glm/ext/vector_float2.hpp
WARNING: Failure to find: vcpkg/installed/x64-linux/include/glm/ext/vector_float2_precision.hpp
WARNING: Failure to find: vcpkg/installed/x64-linux/include/glm/ext/vector_float3.hpp
WARNING: Failure to find: vcpkg/installed/x64-linux/include/glm/ext/vector_float3_precision.hpp
WARNING: Failure to find: vcpkg/installed/x64-linux/include/glm/ext/vector_float4.hpp
WARNING: Failure to find: vcpkg/installed/x64-linux/include/glm/ext/vector_float4_precision.hpp
WARNING: Failure to find: vcpkg/installed/x64-linux/include/glm/ext/vector_int1.hpp
WARNING: Failure to find: vcpkg/installed/x64-linux/include/glm/ext/vector_int1_sized.hpp
WARNING: Failure to find: vcpkg/installed/x64-linux/include/glm/ext/vector_int2.hpp
WARNING: Failure to find: vcpkg/installed/x64-linux/include/glm/ext/vector_int2_sized.hpp
WARNING: Failure to find: vcpkg/installed/x64-linux/include/glm/ext/vector_int3.hpp
WARNING: Failure to find: vcpkg/installed/x64-linux/include/glm/ext/vector_int3_sized.hpp
WARNING: Failure to find: vcpkg/installed/x64-linux/include/glm/ext/vector_int4.hpp
WARNING: Failure to find: vcpkg/installed/x64-linux/include/glm/ext/vector_int4_sized.hpp
WARNING: Failure to find: vcpkg/installed/x64-linux/include/glm/ext/vector_integer.hpp
WARNING: Failure to find: vcpkg/installed/x64-linux/include/glm/ext/vector_packing.hpp
WARNING: Failure to find: vcpkg/installed/x64-linux/include/glm/ext/vector_relational.hpp
WARNING: Failure to find: vcpkg/installed/x64-linux/include/glm/ext/vector_uint1.hpp
WARNING: Failure to find: vcpkg/installed/x64-linux/include/glm/ext/vector_uint1_sized.hpp
WARNING: Failure to find: vcpkg/installed/x64-linux/include/glm/ext/vector_uint2.hpp
WARNING: Failure to find: vcpkg/installed/x64-linux/include/glm/ext/vector_uint2_sized.hpp
WARNING: Failure to find: vcpkg/installed/x64-linux/include/glm/ext/vector_uint3.hpp
WARNING: Failure to find: vcpkg/installed/x64-linux/include/glm/ext/vector_uint3_sized.hpp
WARNING: Failure to find: vcpkg/installed/x64-linux/include/glm/ext/vector_uint4.hpp
WARNING: Failure to find: vcpkg/installed/x64-linux/include/glm/ext/vector_uint4_sized.hpp
WARNING: Failure to find: vcpkg/installed/x64-linux/include/glm/ext/vector_ulp.hpp
WARNING: Failure to find: vcpkg/installed/x64-linux/include/glm/gtc/bitfield.hpp
WARNING: Failure to find: vcpkg/installed/x64-linux/include/glm/gtc/color_space.hpp
WARNING: Failure to find: vcpkg/installed/x64-linux/include/glm/gtc/constants.hpp
WARNING: Failure to find: vcpkg/installed/x64-linux/include/glm/gtc/epsilon.hpp
WARNING: Failure to find: vcpkg/installed/x64-linux/include/glm/gtc/integer.hpp
WARNING: Failure to find: vcpkg/installed/x64-linux/include/glm/gtc/matrix_access.hpp
WARNING: Failure to find: vcpkg/installed/x64-linux/include/glm/gtc/matrix_integer.hpp
WARNING: Failure to find: vcpkg/installed/x64-linux/include/glm/gtc/matrix_inverse.hpp
WARNING: Failure to find: vcpkg/installed/x64-linux/include/glm/gtc/matrix_transform.hpp
WARNING: Failure to find: vcpkg/installed/x64-linux/include/glm/gtc/noise.hpp
WARNING: Failure to find: vcpkg/installed/x64-linux/include/glm/gtc/packing.hpp
WARNING: Failure to find: vcpkg/installed/x64-linux/include/glm/gtc/quaternion.hpp
WARNING: Failure to find: vcpkg/installed/x64-linux/include/glm/gtc/random.hpp
WARNING: Failure to find: vcpkg/installed/x64-linux/include/glm/gtc/reciprocal.hpp
WARNING: Failure to find: vcpkg/installed/x64-linux/include/glm/gtc/round.hpp
WARNING: Failure to find: vcpkg/installed/x64-linux/include/glm/gtc/type_aligned.hpp
WARNING: Failure to find: vcpkg/installed/x64-linux/include/glm/gtc/type_precision.hpp
WARNING: Failure to find: vcpkg/installed/x64-linux/include/glm/gtc/type_ptr.hpp
WARNING: Failure to find: vcpkg/installed/x64-linux/include/glm/gtc/ulp.hpp
WARNING: Failure to find: vcpkg/installed/x64-linux/include/glm/gtc/vec1.hpp
WARNING: Failure to find: vcpkg/installed/x64-linux/include/glm/gtx/associated_min_max.hpp
WARNING: Failure to find: vcpkg/installed/x64-linux/include/glm/gtx/bit.hpp
WARNING: Failure to find: vcpkg/installed/x64-linux/include/glm/gtx/closest_point.hpp
WARNING: Failure to find: vcpkg/installed/x64-linux/include/glm/gtx/color_encoding.hpp
WARNING: Failure to find: vcpkg/installed/x64-linux/include/glm/gtx/color_space.hpp
WARNING: Failure to find: vcpkg/installed/x64-linux/include/glm/gtx/color_space_YCoCg.hpp
WARNING: Failure to find: vcpkg/installed/x64-linux/include/glm/gtx/common.hpp
WARNING: Failure to find: vcpkg/installed/x64-linux/include/glm/gtx/compatibility.hpp
WARNING: Failure to find: vcpkg/installed/x64-linux/include/glm/gtx/component_wise.hpp
WARNING: Failure to find: vcpkg/installed/x64-linux/include/glm/gtx/dual_quaternion.hpp
WARNING: Failure to find: vcpkg/installed/x64-linux/include/glm/gtx/easing.hpp
WARNING: Failure to find: vcpkg/installed/x64-linux/include/glm/gtx/euler_angles.hpp
WARNING: Failure to find: vcpkg/installed/x64-linux/include/glm/gtx/extend.hpp
WARNING: Failure to find: vcpkg/installed/x64-linux/include/glm/gtx/extended_min_max.hpp
WARNING: Failure to find: vcpkg/installed/x64-linux/include/glm/gtx/exterior_product.hpp
WARNING: Failure to find: vcpkg/installed/x64-linux/include/glm/gtx/fast_exponential.hpp
WARNING: Failure to find: vcpkg/installed/x64-linux/include/glm/gtx/fast_square_root.hpp
WARNING: Failure to find: vcpkg/installed/x64-linux/include/glm/gtx/fast_trigonometry.hpp
WARNING: Failure to find: vcpkg/installed/x64-linux/include/glm/gtx/functions.hpp
WARNING: Failure to find: vcpkg/installed/x64-linux/include/glm/gtx/gradient_paint.hpp
 
WARNING: Failure to find: vcpkg/installed/x64-linux/include/glm/gtx/handed_coordinate_space.hpp
WARNING: Failure to find: vcpkg/installed/x64-linux/include/glm/gtx/hash.hpp
WARNING: Failure to find: vcpkg/installed/x64-linux/include/glm/gtx/integer.hpp
WARNING: Failure to find: vcpkg/installed/x64-linux/include/glm/gtx/intersect.hpp
WARNING: Failure to find: vcpkg/installed/x64-linux/include/glm/gtx/io.hpp
WARNING: Failure to find: vcpkg/installed/x64-linux/include/glm/gtx/log_base.hpp
WARNING: Failure to find: vcpkg/installed/x64-linux/include/glm/gtx/matrix_cross_product.hpp
WARNING: Failure to find: vcpkg/installed/x64-linux/include/glm/gtx/matrix_decompose.hpp
WARNING: Failure to find: vcpkg/installed/x64-linux/include/glm/gtx/matrix_factorisation.hpp
WARNING: Failure to find: vcpkg/installed/x64-linux/include/glm/gtx/matrix_interpolation.hpp
WARNING: Failure to find: vcpkg/installed/x64-linux/include/glm/gtx/matrix_major_storage.hpp
WARNING: Failure to find: vcpkg/installed/x64-linux/include/glm/gtx/matrix_operation.hpp
WARNING: Failure to find: vcpkg/installed/x64-linux/include/glm/gtx/matrix_query.hpp
WARNING: Failure to find: vcpkg/installed/x64-linux/include/glm/gtx/matrix_transform_2d.hpp
WARNING: Failure to find: vcpkg/installed/x64-linux/include/glm/gtx/mixed_product.hpp
WARNING: Failure to find: vcpkg/installed/x64-linux/include/glm/gtx/norm.hpp
WARNING: Failure to find: vcpkg/installed/x64-linux/include/glm/gtx/normal.hpp
WARNING: Failure to find: vcpkg/installed/x64-linux/include/glm/gtx/normalize_dot.hpp
WARNING: Failure to find: vcpkg/installed/x64-linux/include/glm/gtx/number_precision.hpp
WARNING: Failure to find: vcpkg/installed/x64-linux/include/glm/gtx/optimum_pow.hpp
WARNING: Failure to find: vcpkg/installed/x64-linux/include/glm/gtx/orthonormalize.hpp
WARNING: Failure to find: vcpkg/installed/x64-linux/include/glm/gtx/perpendicular.hpp
WARNING: Failure to find: vcpkg/installed/x64-linux/include/glm/gtx/polar_coordinates.hpp
WARNING: Failure to find: vcpkg/installed/x64-linux/include/glm/gtx/projection.hpp
WARNING: Failure to find: vcpkg/installed/x64-linux/include/glm/gtx/quaternion.hpp
WARNING: Failure to find: vcpkg/installed/x64-linux/include/glm/gtx/range.hpp
WARNING: Failure to find: vcpkg/installed/x64-linux/include/glm/gtx/raw_data.hpp
WARNING: Failure to find: vcpkg/installed/x64-linux/include/glm/gtx/rotate_normalized_axis.hpp
WARNING: Failure to find: vcpkg/installed/x64-linux/include/glm/gtx/rotate_vector.hpp
WARNING: Failure to find: vcpkg/installed/x64-linux/include/glm/gtx/scalar_multiplication.hpp
WARNING: Failure to find: vcpkg/installed/x64-linux/include/glm/gtx/scalar_relational.hpp
WARNING: Failure to find: vcpkg/installed/x64-linux/include/glm/gtx/spline.hpp
WARNING: Failure to find: vcpkg/installed/x64-linux/include/glm/gtx/std_based_type.hpp
WARNING: Failure to find: vcpkg/installed/x64-linux/include/glm/gtx/string_cast.hpp
WARNING: Failure to find: vcpkg/installed/x64-linux/include/glm/gtx/texture.hpp
WARNING: Failure to find: vcpkg/installed/x64-linux/include/glm/gtx/transform.hpp
WARNING: Failure to find: vcpkg/installed/x64-linux/include/glm/gtx/transform2.hpp
WARNING: Failure to find: vcpkg/installed/x64-linux/include/glm/gtx/type_aligned.hpp
WARNING: Failure to find: vcpkg/installed/x64-linux/include/glm/gtx/type_trait.hpp
WARNING: Failure to find: vcpkg/installed/x64-linux/include/glm/gtx/vec_swizzle.hpp
WARNING: Failure to find: vcpkg/installed/x64-linux/include/glm/gtx/vector_angle.hpp
WARNING: Failure to find: vcpkg/installed/x64-linux/include/glm/gtx/vector_query.hpp
WARNING: Failure to find: vcpkg/installed/x64-linux/include/glm/gtx/wrap.hpp
WARNING: Failure to find: vcpkg/installed/x64-linux/include/glm/simd/common.h
WARNING: Failure to find: vcpkg/installed/x64-linux/include/glm/simd/exponential.h
WARNING: Failure to find: vcpkg/installed/x64-linux/include/glm/simd/geometric.h
WARNING: Failure to find: vcpkg/installed/x64-linux/include/glm/simd/integer.h
WARNING: Failure to find: vcpkg/installed/x64-linux/include/glm/simd/matrix.h
WARNING: Failure to find: vcpkg/installed/x64-linux/include/glm/simd/neon.h
WARNING: Failure to find: vcpkg/installed/x64-linux/include/glm/simd/packing.h
WARNING: Failure to find: vcpkg/installed/x64-linux/include/glm/simd/platform.h
WARNING: Failure to find: vcpkg/installed/x64-linux/include/glm/simd/trigonometric.h
WARNING: Failure to find: vcpkg/installed/x64-linux/include/glm/simd/vector_relational.h
 
WARNING: Failure to find: vcpkg/installed/x64-linux/include/bullet/Bullet3Common/shared/b3Float4.h
WARNING: Failure to find: vcpkg/installed/x64-linux/include/bullet/Bullet3Common/shared/b3Int2.h
WARNING: Failure to find: vcpkg/installed/x64-linux/include/bullet/Bullet3Common/shared/b3Int4.h
WARNING: Failure to find: vcpkg/installed/x64-linux/include/bullet/Bullet3Common/shared/b3Mat3x3.h
WARNING: Failure to find: vcpkg/installed/x64-linux/include/bullet/Bullet3Common/shared/b3PlatformDefinitions.h
WARNING: Failure to find: vcpkg/installed/x64-linux/include/bullet/Bullet3Common/shared/b3Quat.h
WARNING: Failure to find: vcpkg/installed/x64-linux/include/bullet/BulletCollision/BroadphaseCollision/btAxisSweep3.h
WARNING: Failure to find: vcpkg/installed/x64-linux/include/bullet/BulletCollision/BroadphaseCollision/btAxisSweep3Internal.h
WARNING: Failure to find: vcpkg/installed/x64-linux/include/bullet/BulletCollision/BroadphaseCollision/btBroadphaseInterface.h
WARNING: Failure to find: vcpkg/installed/x64-linux/include/bullet/BulletCollision/BroadphaseCollision/btBroadphaseProxy.h
WARNING: Failure to find: vcpkg/installed/x64-linux/include/bullet/BulletCollision/BroadphaseCollision/btCollisionAlgorithm.h
WARNING: Failure to find: vcpkg/installed/x64-linux/include/bullet/BulletCollision/BroadphaseCollision/btDbvt.h
WARNING: Failure to find: vcpkg/installed/x64-linux/include/bullet/BulletCollision/BroadphaseCollision/btDbvtBroadphase.h
WARNING: Failure to find: vcpkg/installed/x64-linux/include/bullet/BulletCollision/BroadphaseCollision/btDispatcher.h
WARNING: Failure to find: vcpkg/installed/x64-linux/include/bullet/BulletCollision/BroadphaseCollision/btOverlappingPairCache.h
WARNING: Failure to find: vcpkg/installed/x64-linux/include/bullet/BulletCollision/BroadphaseCollision/btOverlappingPairCallback.h
WARNING: Failure to find: vcpkg/installed/x64-linux/include/bullet/BulletCollision/BroadphaseCollision/btQuantizedBvh.h
WARNING: Failure to find: vcpkg/installed/x64-linux/include/bullet/BulletCollision/BroadphaseCollision/btSimpleBroadphase.h
WARNING: Failure to find: vcpkg/installed/x64-linux/include/bullet/BulletCollision/CollisionDispatch/btActivatingCollisionAlgorithm.h
WARNING: Failure to find: vcpkg/installed/x64-linux/include/bullet/BulletCollision/CollisionDispatch/btBox2dBox2dCollisionAlgorithm.h
WARNING: Failure to find: vcpkg/installed/x64-linux/include/bullet/BulletCollision/CollisionDispatch/btBoxBoxCollisionAlgorithm.h
WARNING: Failure to find: vcpkg/installed/x64-linux/include/bullet/BulletCollision/CollisionDispatch/btBoxBoxDetector.h
WARNING: Failure to find: vcpkg/installed/x64-linux/include/bullet/BulletCollision/CollisionDispatch/btCollisionConfiguration.h
WARNING: Failure to find: vcpkg/installed/x64-linux/include/bullet/BulletCollision/CollisionDispatch/btCollisionCreateFunc.h
WARNING: Failure to find: vcpkg/installed/x64-linux/include/bullet/BulletCollision/CollisionDispatch/btCollisionDispatcher.h
WARNING: Failure to find: vcpkg/installed/x64-linux/include/bullet/BulletCollision/CollisionDispatch/btCollisionDispatcherMt.h
WARNING: Failure to find: vcpkg/installed/x64-linux/include/bullet/BulletCollision/CollisionDispatch/btCollisionObject.h
WARNING: Failure to find: vcpkg/installed/x64-linux/include/bullet/BulletCollision/CollisionDispatch/btCollisionObjectWrapper.h
WARNING: Failure to find: vcpkg/installed/x64-linux/include/bullet/BulletCollision/CollisionDispatch/btCollisionWorld.h
WARNING: Failure to find: vcpkg/installed/x64-linux/include/bullet/BulletCollision/CollisionDispatch/btCollisionWorldImporter.h
WARNING: Failure to find: vcpkg/installed/x64-linux/include/bullet/BulletCollision/CollisionDispatch/btCompoundCollisionAlgorithm.h
WARNING: Failure to find: vcpkg/installed/x64-linux/include/bullet/BulletCollision/CollisionDispatch/btCompoundCompoundCollisionAlgorithm.h
WARNING: Failure to find: vcpkg/installed/x64-linux/include/bullet/BulletCollision/CollisionDispatch/btConvex2dConvex2dAlgorithm.h
WARNING: Failure to find: vcpkg/installed/x64-linux/include/bullet/BulletCollision/CollisionDispatch/btConvexConcaveCollisionAlgorithm.h
WARNING: Failure to find: vcpkg/installed/x64-linux/include/bullet/BulletCollision/CollisionDispatch/btConvexConvexAlgorithm.h
WARNING: Failure to find: vcpkg/installed/x64-linux/include/bullet/BulletCollision/CollisionDispatch/btConvexPlaneCollisionAlgorithm.h
WARNING: Failure to find: vcpkg/installed/x64-linux/include/bullet/BulletCollision/CollisionDispatch/btDefaultCollisionConfiguration.h
WARNING: Failure to find: vcpkg/installed/x64-linux/include/bullet/BulletCollision/CollisionDispatch/btEmptyCollisionAlgorithm.h
WARNING: Failure to find: vcpkg/installed/x64-linux/include/bullet/BulletCollision/CollisionDispatch/btGhostObject.h
WARNING: Failure to find: vcpkg/installed/x64-linux/include/bullet/BulletCollision/CollisionDispatch/btHashedSimplePairCache.h
WARNING: Failure to find: vcpkg/installed/x64-linux/include/bullet/BulletCollision/CollisionDispatch/btInternalEdgeUtility.h
WARNING: Failure to find: vcpkg/installed/x64-linux/include/bullet/BulletCollision/CollisionDispatch/btManifoldResult.h
WARNING: Failure to find: vcpkg/installed/x64-linux/include/bullet/BulletCollision/CollisionDispatch/btSimulationIslandManager.h
WARNING: Failure to find: vcpkg/installed/x64-linux/include/bullet/BulletCollision/CollisionDispatch/btSphereBoxCollisionAlgorithm.h
WARNING: Failure to find: vcpkg/installed/x64-linux/include/bullet/BulletCollision/CollisionDispatch/btSphereSphereCollisionAlgorithm.h
WARNING: Failure to find: vcpkg/installed/x64-linux/include/bullet/BulletCollision/CollisionDispatch/btSphereTriangleCollisionAlgorithm.h
WARNING: Failure to find: vcpkg/installed/x64-linux/include/bullet/BulletCollision/CollisionDispatch/btUnionFind.h
WARNING: Failure to find: vcpkg/installed/x64-linux/include/bullet/BulletCollision/CollisionDispatch/SphereTriangleDetector.h
WARNING: Failure to find: vcpkg/installed/x64-linux/include/bullet/BulletCollision/CollisionShapes/btBox2dShape.h
WARNING: Failure to find: vcpkg/installed/x64-linux/include/bullet/BulletCollision/CollisionShapes/btBoxShape.h
WARNING: Failure to find: vcpkg/installed/x64-linux/include/bullet/BulletCollision/CollisionShapes/btBvhTriangleMeshShape.h
WARNING: Failure to find: vcpkg/installed/x64-linux/include/bullet/BulletCollision/CollisionShapes/btCapsuleShape.h
WARNING: Failure to find: vcpkg/installed/x64-linux/include/bullet/BulletCollision/CollisionShapes/btCollisionMargin.h
WARNING: Failure to find: vcpkg/installed/x64-linux/include/bullet/BulletCollision/CollisionShapes/btCollisionShape.h
WARNING: Failure to find: vcpkg/installed/x64-linux/include/bullet/BulletCollision/CollisionShapes/btCompoundShape.h
WARNING: Failure to find: vcpkg/installed/x64-linux/include/bullet/BulletCollision/CollisionShapes/btConcaveShape.h
WARNING: Failure to find: vcpkg/installed/x64-linux/include/bullet/BulletCollision/CollisionShapes/btConeShape.h
WARNING: Failure to find: vcpkg/installed/x64-linux/include/bullet/BulletCollision/CollisionShapes/btConvex2dShape.h
WARNING: Failure to find: vcpkg/installed/x64-linux/include/bullet/BulletCollision/CollisionShapes/btConvexHullShape.h
WARNING: Failure to find: vcpkg/installed/x64-linux/include/bullet/BulletCollision/CollisionShapes/btConvexInternalShape.h
WARNING: Failure to find: vcpkg/installed/x64-linux/include/bullet/BulletCollision/CollisionShapes/btConvexPointCloudShape.h
WARNING: Failure to find: vcpkg/installed/x64-linux/include/bullet/BulletCollision/CollisionShapes/btConvexPolyhedron.h
WARNING: Failure to find: vcpkg/installed/x64-linux/include/bullet/BulletCollision/CollisionShapes/btConvexShape.h
WARNING: Failure to find: vcpkg/installed/x64-linux/include/bullet/BulletCollision/CollisionShapes/btConvexTriangleMeshShape.h
WARNING: Failure to find: vcpkg/installed/x64-linux/include/bullet/BulletCollision/CollisionShapes/btCylinderShape.h
WARNING: Failure to find: vcpkg/installed/x64-linux/include/bullet/BulletCollision/CollisionShapes/btEmptyShape.h
WARNING: Failure to find: vcpkg/installed/x64-linux/include/bullet/BulletCollision/CollisionShapes/btHeightfieldTerrainShape.h
WARNING: Failure to find: vcpkg/installed/x64-linux/include/bullet/BulletCollision/CollisionShapes/btMaterial.h
WARNING: Failure to find: vcpkg/installed/x64-linux/include/bullet/BulletCollision/CollisionShapes/btMiniSDF.h
WARNING: Failure to find: vcpkg/installed/x64-linux/include/bullet/BulletCollision/CollisionShapes/btMinkowskiSumShape.h
WARNING: Failure to find: vcpkg/installed/x64-linux/include/bullet/BulletCollision/CollisionShapes/btMultimaterialTriangleMeshShape.h
WARNING: Failure to find: vcpkg/installed/x64-linux/include/bullet/BulletCollision/CollisionShapes/btMultiSphereShape.h
WARNING: Failure to find: vcpkg/installed/x64-linux/include/bullet/BulletCollision/CollisionShapes/btOptimizedBvh.h
WARNING: Failure to find: vcpkg/installed/x64-linux/include/bullet/BulletCollision/CollisionShapes/btPolyhedralConvexShape.h
WARNING: Failure to find: vcpkg/installed/x64-linux/include/bullet/BulletCollision/CollisionShapes/btScaledBvhTriangleMeshShape.h
WARNING: Failure to find: vcpkg/installed/x64-linux/include/bullet/BulletCollision/CollisionShapes/btSdfCollisionShape.h
WARNING: Failure to find: vcpkg/installed/x64-linux/include/bullet/BulletCollision/CollisionShapes/btShapeHull.h
WARNING: Failure to find: vcpkg/installed/x64-linux/include/bullet/BulletCollision/CollisionShapes/btSphereShape.h
WARNING: Failure to find: vcpkg/installed/x64-linux/include/bullet/BulletCollision/CollisionShapes/btStaticPlaneShape.h
WARNING: Failure to find: vcpkg/installed/x64-linux/include/bullet/BulletCollision/CollisionShapes/btStridingMeshInterface.h
WARNING: Failure to find: vcpkg/installed/x64-linux/include/bullet/BulletCollision/CollisionShapes/btTetrahedronShape.h
WARNING: Failure to find: vcpkg/installed/x64-linux/include/bullet/BulletCollision/CollisionShapes/btTriangleBuffer.h
WARNING: Failure to find: vcpkg/installed/x64-linux/include/bullet/BulletCollision/CollisionShapes/btTriangleCallback.h
WARNING: Failure to find: vcpkg/installed/x64-linux/include/bullet/BulletCollision/CollisionShapes/btTriangleIndexVertexArray.h
WARNING: Failure to find: vcpkg/installed/x64-linux/include/bullet/BulletCollision/CollisionShapes/btTriangleIndexVertexMaterialArray.h
WARNING: Failure to find: vcpkg/installed/x64-linux/include/bullet/BulletCollision/CollisionShapes/btTriangleInfoMap.h
WARNING: Failure to find: vcpkg/installed/x64-linux/include/bullet/BulletCollision/CollisionShapes/btTriangleMesh.h
WARNING: Failure to find: vcpkg/installed/x64-linux/include/bullet/BulletCollision/CollisionShapes/btTriangleMeshShape.h
WARNING: Failure to find: vcpkg/installed/x64-linux/include/bullet/BulletCollision/CollisionShapes/btTriangleShape.h
WARNING: Failure to find: vcpkg/installed/x64-linux/include/bullet/BulletCollision/CollisionShapes/btUniformScalingShape.h
WARNING: Failure to find: vcpkg/installed/x64-linux/include/bullet/BulletCollision/Gimpact/btBoxCollision.h
WARNING: Failure to find: vcpkg/installed/x64-linux/include/bullet/BulletCollision/Gimpact/btClipPolygon.h
WARNING: Failure to find: vcpkg/installed/x64-linux/include/bullet/BulletCollision/Gimpact/btCompoundFromGimpact.h
 
WARNING: Failure to find: vcpkg/installed/x64-linux/include/bullet/BulletCollision/Gimpact/btContactProcessing.h
WARNING: Failure to find: vcpkg/installed/x64-linux/include/bullet/BulletCollision/Gimpact/btContactProcessingStructs.h
WARNING: Failure to find: vcpkg/installed/x64-linux/include/bullet/BulletCollision/Gimpact/btGenericPoolAllocator.h
WARNING: Failure to find: vcpkg/installed/x64-linux/include/bullet/BulletCollision/Gimpact/btGeometryOperations.h
WARNING: Failure to find: vcpkg/installed/x64-linux/include/bullet/BulletCollision/Gimpact/btGImpactBvh.h
WARNING: Failure to find: vcpkg/installed/x64-linux/include/bullet/BulletCollision/Gimpact/btGImpactBvhStructs.h
WARNING: Failure to find: vcpkg/installed/x64-linux/include/bullet/BulletCollision/Gimpact/btGImpactCollisionAlgorithm.h
WARNING: Failure to find: vcpkg/installed/x64-linux/include/bullet/BulletCollision/Gimpact/btGImpactMassUtil.h
WARNING: Failure to find: vcpkg/installed/x64-linux/include/bullet/BulletCollision/Gimpact/btGImpactQuantizedBvh.h
WARNING: Failure to find: vcpkg/installed/x64-linux/include/bullet/BulletCollision/Gimpact/btGImpactQuantizedBvhStructs.h
WARNING: Failure to find: vcpkg/installed/x64-linux/include/bullet/BulletCollision/Gimpact/btGImpactShape.h
WARNING: Failure to find: vcpkg/installed/x64-linux/include/bullet/BulletCollision/Gimpact/btQuantization.h
WARNING: Failure to find: vcpkg/installed/x64-linux/include/bullet/BulletCollision/Gimpact/btTriangleShapeEx.h
WARNING: Failure to find: vcpkg/installed/x64-linux/include/bullet/BulletCollision/Gimpact/gim_array.h
WARNING: Failure to find: vcpkg/installed/x64-linux/include/bullet/BulletCollision/Gimpact/gim_basic_geometry_operations.h
WARNING: Failure to find: vcpkg/installed/x64-linux/include/bullet/BulletCollision/Gimpact/gim_bitset.h
WARNING: Failure to find: vcpkg/installed/x64-linux/include/bullet/BulletCollision/Gimpact/gim_box_collision.h
WARNING: Failure to find: vcpkg/installed/x64-linux/include/bullet/BulletCollision/Gimpact/gim_box_set.h
WARNING: Failure to find: vcpkg/installed/x64-linux/include/bullet/BulletCollision/Gimpact/gim_clip_polygon.h
WARNING: Failure to find: vcpkg/installed/x64-linux/include/bullet/BulletCollision/Gimpact/gim_contact.h
WARNING: Failure to find: vcpkg/installed/x64-linux/include/bullet/BulletCollision/Gimpact/gim_geom_types.h
WARNING: Failure to find: vcpkg/installed/x64-linux/include/bullet/BulletCollision/Gimpact/gim_geometry.h
WARNING: Failure to find: vcpkg/installed/x64-linux/include/bullet/BulletCollision/Gimpact/gim_hash_table.h
WARNING: Failure to find: vcpkg/installed/x64-linux/include/bullet/BulletCollision/Gimpact/gim_linear_math.h
WARNING: Failure to find: vcpkg/installed/x64-linux/include/bullet/BulletCollision/Gimpact/gim_math.h
WARNING: Failure to find: vcpkg/installed/x64-linux/include/bullet/BulletCollision/Gimpact/gim_memory.h
WARNING: Failure to find: vcpkg/installed/x64-linux/include/bullet/BulletCollision/Gimpact/gim_pair.h
WARNING: Failure to find: vcpkg/installed/x64-linux/include/bullet/BulletCollision/Gimpact/gim_radixsort.h
WARNING: Failure to find: vcpkg/installed/x64-linux/include/bullet/BulletCollision/Gimpact/gim_tri_collision.h
WARNING: Failure to find: vcpkg/installed/x64-linux/include/bullet/BulletCollision/NarrowPhaseCollision/btComputeGjkEpaPenetration.h
WARNING: Failure to find: vcpkg/installed/x64-linux/include/bullet/BulletCollision/NarrowPhaseCollision/btContinuousConvexCollision.h
WARNING: Failure to find: vcpkg/installed/x64-linux/include/bullet/BulletCollision/NarrowPhaseCollision/btConvexCast.h
WARNING: Failure to find: vcpkg/installed/x64-linux/include/bullet/BulletCollision/NarrowPhaseCollision/btConvexPenetrationDepthSolver.h
WARNING: Failure to find: vcpkg/installed/x64-linux/include/bullet/BulletCollision/NarrowPhaseCollision/btDiscreteCollisionDetectorInterface.h
WARNING: Failure to find: vcpkg/installed/x64-linux/include/bullet/BulletCollision/NarrowPhaseCollision/btGjkCollisionDescription.h
WARNING: Failure to find: vcpkg/installed/x64-linux/include/bullet/BulletCollision/NarrowPhaseCollision/btGjkConvexCast.h
WARNING: Failure to find: vcpkg/installed/x64-linux/include/bullet/BulletCollision/NarrowPhaseCollision/btGjkEpa2.h
WARNING: Failure to find: vcpkg/installed/x64-linux/include/bullet/BulletCollision/NarrowPhaseCollision/btGjkEpa3.h
 
WARNING: Failure to find: vcpkg/installed/x64-linux/include/bullet/BulletCollision/NarrowPhaseCollision/btGjkEpaPenetrationDepthSolver.h
WARNING: Failure to find: vcpkg/installed/x64-linux/include/bullet/BulletCollision/NarrowPhaseCollision/btGjkPairDetector.h
WARNING: Failure to find: vcpkg/installed/x64-linux/include/bullet/BulletCollision/NarrowPhaseCollision/btManifoldPoint.h
WARNING: Failure to find: vcpkg/installed/x64-linux/include/bullet/BulletCollision/NarrowPhaseCollision/btMinkowskiPenetrationDepthSolver.h
WARNING: Failure to find: vcpkg/installed/x64-linux/include/bullet/BulletCollision/NarrowPhaseCollision/btMprPenetration.h
WARNING: Failure to find: vcpkg/installed/x64-linux/include/bullet/BulletCollision/NarrowPhaseCollision/btPersistentManifold.h
WARNING: Failure to find: vcpkg/installed/x64-linux/include/bullet/BulletCollision/NarrowPhaseCollision/btPointCollector.h
WARNING: Failure to find: vcpkg/installed/x64-linux/include/bullet/BulletCollision/NarrowPhaseCollision/btPolyhedralContactClipping.h
WARNING: Failure to find: vcpkg/installed/x64-linux/include/bullet/BulletCollision/NarrowPhaseCollision/btRaycastCallback.h
WARNING: Failure to find: vcpkg/installed/x64-linux/include/bullet/BulletCollision/NarrowPhaseCollision/btSimplexSolverInterface.h
WARNING: Failure to find: vcpkg/installed/x64-linux/include/bullet/BulletCollision/NarrowPhaseCollision/btSubSimplexConvexCast.h
WARNING: Failure to find: vcpkg/installed/x64-linux/include/bullet/BulletCollision/NarrowPhaseCollision/btVoronoiSimplexSolver.h
WARNING: Failure to find: vcpkg/installed/x64-linux/include/bullet/BulletDynamics/Character/btCharacterControllerInterface.h
WARNING: Failure to find: vcpkg/installed/x64-linux/include/bullet/BulletDynamics/Character/btKinematicCharacterController.h
WARNING: Failure to find: vcpkg/installed/x64-linux/include/bullet/BulletDynamics/ConstraintSolver/btBatchedConstraints.h
WARNING: Failure to find: vcpkg/installed/x64-linux/include/bullet/BulletDynamics/ConstraintSolver/btConeTwistConstraint.h
WARNING: Failure to find: vcpkg/installed/x64-linux/include/bullet/BulletDynamics/ConstraintSolver/btConstraintSolver.h
WARNING: Failure to find: vcpkg/installed/x64-linux/include/bullet/BulletDynamics/ConstraintSolver/btContactConstraint.h
WARNING: Failure to find: vcpkg/installed/x64-linux/include/bullet/BulletDynamics/ConstraintSolver/btContactSolverInfo.h
WARNING: Failure to find: vcpkg/installed/x64-linux/include/bullet/BulletDynamics/ConstraintSolver/btFixedConstraint.h
WARNING: Failure to find: vcpkg/installed/x64-linux/include/bullet/BulletDynamics/ConstraintSolver/btGearConstraint.h
WARNING: Failure to find: vcpkg/installed/x64-linux/include/bullet/BulletDynamics/ConstraintSolver/btGeneric6DofConstraint.h
WARNING: Failure to find: vcpkg/installed/x64-linux/include/bullet/BulletDynamics/ConstraintSolver/btGeneric6DofSpring2Constraint.h
WARNING: Failure to find: vcpkg/installed/x64-linux/include/bullet/BulletDynamics/ConstraintSolver/btGeneric6DofSpringConstraint.h
WARNING: Failure to find: vcpkg/installed/x64-linux/include/bullet/BulletDynamics/ConstraintSolver/btHinge2Constraint.h
WARNING: Failure to find: vcpkg/installed/x64-linux/include/bullet/BulletDynamics/ConstraintSolver/btHingeConstraint.h
WARNING: Failure to find: vcpkg/installed/x64-linux/include/bullet/BulletDynamics/ConstraintSolver/btJacobianEntry.h
WARNING: Failure to find: vcpkg/installed/x64-linux/include/bullet/BulletDynamics/ConstraintSolver/btNNCGConstraintSolver.h
WARNING: Failure to find: vcpkg/installed/x64-linux/include/bullet/BulletDynamics/ConstraintSolver/btPoint2PointConstraint.h
WARNING: Failure to find: vcpkg/installed/x64-linux/include/bullet/BulletDynamics/ConstraintSolver/btSequentialImpulseConstraintSolver.h
WARNING: Failure to find: vcpkg/installed/x64-linux/include/bullet/BulletDynamics/ConstraintSolver/btSequentialImpulseConstraintSolverMt.h
WARNING: Failure to find: vcpkg/installed/x64-linux/include/bullet/BulletDynamics/ConstraintSolver/btSliderConstraint.h
WARNING: Failure to find: vcpkg/installed/x64-linux/include/bullet/BulletDynamics/ConstraintSolver/btSolve2LinearConstraint.h
WARNING: Failure to find: vcpkg/installed/x64-linux/include/bullet/BulletDynamics/ConstraintSolver/btSolverBody.h
WARNING: Failure to find: vcpkg/installed/x64-linux/include/bullet/BulletDynamics/ConstraintSolver/btSolverConstraint.h
WARNING: Failure to find: vcpkg/installed/x64-linux/include/bullet/BulletDynamics/ConstraintSolver/btTypedConstraint.h
WARNING: Failure to find: vcpkg/installed/x64-linux/include/bullet/BulletDynamics/ConstraintSolver/btUniversalConstraint.h
WARNING: Failure to find: vcpkg/installed/x64-linux/include/bullet/BulletDynamics/Dynamics/btActionInterface.h
WARNING: Failure to find: vcpkg/installed/x64-linux/include/bullet/BulletDynamics/Dynamics/btDiscreteDynamicsWorld.h
WARNING: Failure to find: vcpkg/installed/x64-linux/include/bullet/BulletDynamics/Dynamics/btDiscreteDynamicsWorldMt.h
WARNING: Failure to find: vcpkg/installed/x64-linux/include/bullet/BulletDynamics/Dynamics/btDynamicsWorld.h
WARNING: Failure to find: vcpkg/installed/x64-linux/include/bullet/BulletDynamics/Dynamics/btRigidBody.h
WARNING: Failure to find: vcpkg/installed/x64-linux/include/bullet/BulletDynamics/Dynamics/btSimpleDynamicsWorld.h
WARNING: Failure to find: vcpkg/installed/x64-linux/include/bullet/BulletDynamics/Dynamics/btSimulationIslandManagerMt.h
WARNING: Failure to find: vcpkg/installed/x64-linux/include/bullet/BulletDynamics/Featherstone/btMultiBody.h
WARNING: Failure to find: vcpkg/installed/x64-linux/include/bullet/BulletDynamics/Featherstone/btMultiBodyConstraint.h
WARNING: Failure to find: vcpkg/installed/x64-linux/include/bullet/BulletDynamics/Featherstone/btMultiBodyConstraintSolver.h
WARNING: Failure to find: vcpkg/installed/x64-linux/include/bullet/BulletDynamics/Featherstone/btMultiBodyDynamicsWorld.h
WARNING: Failure to find: vcpkg/installed/x64-linux/include/bullet/BulletDynamics/Featherstone/btMultiBodyFixedConstraint.h
WARNING: Failure to find: vcpkg/installed/x64-linux/include/bullet/BulletDynamics/Featherstone/btMultiBodyGearConstraint.h
WARNING: Failure to find: vcpkg/installed/x64-linux/include/bullet/BulletDynamics/Featherstone/btMultiBodyInplaceSolverIslandCallback.h
WARNING: Failure to find: vcpkg/installed/x64-linux/include/bullet/BulletDynamics/Featherstone/btMultiBodyJointFeedback.h
WARNING: Failure to find: vcpkg/installed/x64-linux/include/bullet/BulletDynamics/Featherstone/btMultiBodyJointLimitConstraint.h
WARNING: Failure to find: vcpkg/installed/x64-linux/include/bullet/BulletDynamics/Featherstone/btMultiBodyJointMotor.h
WARNING: Failure to find: vcpkg/installed/x64-linux/include/bullet/BulletDynamics/Featherstone/btMultiBodyLink.h
WARNING: Failure to find: vcpkg/installed/x64-linux/include/bullet/BulletDynamics/Featherstone/btMultiBodyLinkCollider.h
WARNING: Failure to find: vcpkg/installed/x64-linux/include/bullet/BulletDynamics/Featherstone/btMultiBodyMLCPConstraintSolver.h
WARNING: Failure to find: vcpkg/installed/x64-linux/include/bullet/BulletDynamics/Featherstone/btMultiBodyPoint2Point.h
WARNING: Failure to find: vcpkg/installed/x64-linux/include/bullet/BulletDynamics/Featherstone/btMultiBodySliderConstraint.h
WARNING: Failure to find: vcpkg/installed/x64-linux/include/bullet/BulletDynamics/Featherstone/btMultiBodySolverConstraint.h
WARNING: Failure to find: vcpkg/installed/x64-linux/include/bullet/BulletDynamics/Featherstone/btMultiBodySphericalJointMotor.h
WARNING: Failure to find: vcpkg/installed/x64-linux/include/bullet/BulletDynamics/MLCPSolvers/btDantzigLCP.h
WARNING: Failure to find: vcpkg/installed/x64-linux/include/bullet/BulletDynamics/MLCPSolvers/btDantzigSolver.h
WARNING: Failure to find: vcpkg/installed/x64-linux/include/bullet/BulletDynamics/MLCPSolvers/btLemkeAlgorithm.h
WARNING: Failure to find: vcpkg/installed/x64-linux/include/bullet/BulletDynamics/MLCPSolvers/btLemkeSolver.h
WARNING: Failure to find: vcpkg/installed/x64-linux/include/bullet/BulletDynamics/MLCPSolvers/btMLCPSolver.h
WARNING: Failure to find: vcpkg/installed/x64-linux/include/bullet/BulletDynamics/MLCPSolvers/btMLCPSolverInterface.h
WARNING: Failure to find: vcpkg/installed/x64-linux/include/bullet/BulletDynamics/MLCPSolvers/btPATHSolver.h
WARNING: Failure to find: vcpkg/installed/x64-linux/include/bullet/BulletDynamics/MLCPSolvers/btSolveProjectedGaussSeidel.h
WARNING: Failure to find: vcpkg/installed/x64-linux/include/bullet/BulletDynamics/Vehicle/btRaycastVehicle.h
WARNING: Failure to find: vcpkg/installed/x64-linux/include/bullet/BulletDynamics/Vehicle/btVehicleRaycaster.h
WARNING: Failure to find: vcpkg/installed/x64-linux/include/bullet/BulletDynamics/Vehicle/btWheelInfo.h
WARNING: Failure to find: vcpkg/installed/x64-linux/include/bullet/LinearMath/TaskScheduler/btThreadSupportInterface.h
 
g++ -c -pipe -O2 -Wall -W -D_REENTRANT -fPIC -DQT_DEPRECATED_WARNINGS -DQT_NO_DEBUG -DQT_OPENGL_LIB -DQT_WIDGETS_LIB -DQT_GUI_LIB -DQT_CORE_LIB -I. -I. -Iclass -Iinclude -I./vcpkg/installed/x64-linux/include -I./vcpkg/installed/x64-linux/include/SDL2 -I./vcpkg/installed/x64-linux/include/bullet -isystem /usr/include/x86_64-linux-gnu/qt5 -isystem /usr/include/x86_64-linux-gnu/qt5/QtOpenGL -isystem /usr/include/x86_64-linux-gnu/qt5/QtWidgets -isystem /usr/include/x86_64-linux-gnu/qt5/QtGui -isystem /usr/include/x86_64-linux-gnu/qt5/QtCore -I. -I/usr/lib/x86_64-linux-gnu/qt5/mkspecs/linux-g++ -o gameinit.o src/gameinit.cpp
g++ -c -pipe -O2 -Wall -W -D_REENTRANT -fPIC -DQT_DEPRECATED_WARNINGS -DQT_NO_DEBUG -DQT_OPENGL_LIB -DQT_WIDGETS_LIB -DQT_GUI_LIB -DQT_CORE_LIB -I. -I. -Iclass -Iinclude -I./vcpkg/installed/x64-linux/include -I./vcpkg/installed/x64-linux/include/SDL2 -I./vcpkg/installed/x64-linux/include/bullet -isystem /usr/include/x86_64-linux-gnu/qt5 -isystem /usr/include/x86_64-linux-gnu/qt5/QtOpenGL -isystem /usr/include/x86_64-linux-gnu/qt5/QtWidgets -isystem /usr/include/x86_64-linux-gnu/qt5/QtGui -isystem /usr/include/x86_64-linux-gnu/qt5/QtCore -I. -I/usr/lib/x86_64-linux-gnu/qt5/mkspecs/linux-g++ -o gameloop.o src/gameloop.cpp
g++ -c -pipe -O2 -Wall -W -D_REENTRANT -fPIC -DQT_DEPRECATED_WARNINGS -DQT_NO_DEBUG -DQT_OPENGL_LIB -DQT_WIDGETS_LIB -DQT_GUI_LIB -DQT_CORE_LIB -I. -I. -Iclass -Iinclude -I./vcpkg/installed/x64-linux/include -I./vcpkg/installed/x64-linux/include/SDL2 -I./vcpkg/installed/x64-linux/include/bullet -isystem /usr/include/x86_64-linux-gnu/qt5 -isystem /usr/include/x86_64-linux-gnu/qt5/QtOpenGL -isystem /usr/include/x86_64-linux-gnu/qt5/QtWidgets -isystem /usr/include/x86_64-linux-gnu/qt5/QtGui -isystem /usr/include/x86_64-linux-gnu/qt5/QtCore -I. -I/usr/lib/x86_64-linux-gnu/qt5/mkspecs/linux-g++ -o gamemain.o src/gamemain.cpp
g++ -c -pipe -O2 -Wall -W -D_REENTRANT -fPIC -DQT_DEPRECATED_WARNINGS -DQT_NO_DEBUG -DQT_OPENGL_LIB -DQT_WIDGETS_LIB -DQT_GUI_LIB -DQT_CORE_LIB -I. -I. -Iclass -Iinclude -I./vcpkg/installed/x64-linux/include -I./vcpkg/installed/x64-linux/include/SDL2 -I./vcpkg/installed/x64-linux/include/bullet -isystem /usr/include/x86_64-linux-gnu/qt5 -isystem /usr/include/x86_64-linux-gnu/qt5/QtOpenGL -isystem /usr/include/x86_64-linux-gnu/qt5/QtWidgets -isystem /usr/include/x86_64-linux-gnu/qt5/QtGui -isystem /usr/include/x86_64-linux-gnu/qt5/QtCore -I. -I/usr/lib/x86_64-linux-gnu/qt5/mkspecs/linux-g++ -o camera.o class/camera/camera.cpp
g++ -c -pipe -O2 -Wall -W -D_REENTRANT -fPIC -DQT_DEPRECATED_WARNINGS -DQT_NO_DEBUG -DQT_OPENGL_LIB -DQT_WIDGETS_LIB -DQT_GUI_LIB -DQT_CORE_LIB -I. -I. -Iclass -Iinclude -I./vcpkg/installed/x64-linux/include -I./vcpkg/installed/x64-linux/include/SDL2 -I./vcpkg/installed/x64-linux/include/bullet -isystem /usr/include/x86_64-linux-gnu/qt5 -isystem /usr/include/x86_64-linux-gnu/qt5/QtOpenGL -isystem /usr/include/x86_64-linux-gnu/qt5/QtWidgets -isystem /usr/include/x86_64-linux-gnu/qt5/QtGui -isystem /usr/include/x86_64-linux-gnu/qt5/QtCore -I. -I/usr/lib/x86_64-linux-gnu/qt5/mkspecs/linux-g++ -o daeload.o class/daeload/daeload.cpp
g++ -c -pipe -O2 -Wall -W -D_REENTRANT -fPIC -DQT_DEPRECATED_WARNINGS -DQT_NO_DEBUG -DQT_OPENGL_LIB -DQT_WIDGETS_LIB -DQT_GUI_LIB -DQT_CORE_LIB -I. -I. -Iclass -Iinclude -I./vcpkg/installed/x64-linux/include -I./vcpkg/installed/x64-linux/include/SDL2 -I./vcpkg/installed/x64-linux/include/bullet -isystem /usr/include/x86_64-linux-gnu/qt5 -isystem /usr/include/x86_64-linux-gnu/qt5/QtOpenGL -isystem /usr/include/x86_64-linux-gnu/qt5/QtWidgets -isystem /usr/include/x86_64-linux-gnu/qt5/QtGui -isystem /usr/include/x86_64-linux-gnu/qt5/QtCore -I. -I/usr/lib/x86_64-linux-gnu/qt5/mkspecs/linux-g++ -o datatypes.o class/datatypes/datatypes.cpp
g++ -c -pipe -O2 -Wall -W -D_REENTRANT -fPIC -DQT_DEPRECATED_WARNINGS -DQT_NO_DEBUG -DQT_OPENGL_LIB -DQT_WIDGETS_LIB -DQT_GUI_LIB -DQT_CORE_LIB -I. -I. -Iclass -Iinclude -I./vcpkg/installed/x64-linux/include -I./vcpkg/installed/x64-linux/include/SDL2 -I./vcpkg/installed/x64-linux/include/bullet -isystem /usr/include/x86_64-linux-gnu/qt5 -isystem /usr/include/x86_64-linux-gnu/qt5/QtOpenGL -isystem /usr/include/x86_64-linux-gnu/qt5/QtWidgets -isystem /usr/include/x86_64-linux-gnu/qt5/QtGui -isystem /usr/include/x86_64-linux-gnu/qt5/QtCore -I. -I/usr/lib/x86_64-linux-gnu/qt5/mkspecs/linux-g++ -o shader.o class/shader/shader.cpp
g++ -c -pipe -O2 -Wall -W -D_REENTRANT -fPIC -DQT_DEPRECATED_WARNINGS -DQT_NO_DEBUG -DQT_OPENGL_LIB -DQT_WIDGETS_LIB -DQT_GUI_LIB -DQT_CORE_LIB -I. -I. -Iclass -Iinclude -I./vcpkg/installed/x64-linux/include -I./vcpkg/installed/x64-linux/include/SDL2 -I./vcpkg/installed/x64-linux/include/bullet -isystem /usr/include/x86_64-linux-gnu/qt5 -isystem /usr/include/x86_64-linux-gnu/qt5/QtOpenGL -isystem /usr/include/x86_64-linux-gnu/qt5/QtWidgets -isystem /usr/include/x86_64-linux-gnu/qt5/QtGui -isystem /usr/include/x86_64-linux-gnu/qt5/QtCore -I. -I/usr/lib/x86_64-linux-gnu/qt5/mkspecs/linux-g++ -o debug.o src/class/debug.cpp
g++ -c -pipe -O2 -Wall -W -D_REENTRANT -fPIC -DQT_DEPRECATED_WARNINGS -DQT_NO_DEBUG -DQT_OPENGL_LIB -DQT_WIDGETS_LIB -DQT_GUI_LIB -DQT_CORE_LIB -I. -I. -Iclass -Iinclude -I./vcpkg/installed/x64-linux/include -I./vcpkg/installed/x64-linux/include/SDL2 -I./vcpkg/installed/x64-linux/include/bullet -isystem /usr/include/x86_64-linux-gnu/qt5 -isystem /usr/include/x86_64-linux-gnu/qt5/QtOpenGL -isystem /usr/include/x86_64-linux-gnu/qt5/QtWidgets -isystem /usr/include/x86_64-linux-gnu/qt5/QtGui -isystem /usr/include/x86_64-linux-gnu/qt5/QtCore -I. -I/usr/lib/x86_64-linux-gnu/qt5/mkspecs/linux-g++ -o eventhandler.o src/class/eventhandler.cpp
g++ -c -pipe -O2 -Wall -W -D_REENTRANT -fPIC -DQT_DEPRECATED_WARNINGS -DQT_NO_DEBUG -DQT_OPENGL_LIB -DQT_WIDGETS_LIB -DQT_GUI_LIB -DQT_CORE_LIB -I. -I. -Iclass -Iinclude -I./vcpkg/installed/x64-linux/include -I./vcpkg/installed/x64-linux/include/SDL2 -I./vcpkg/installed/x64-linux/include/bullet -isystem /usr/include/x86_64-linux-gnu/qt5 -isystem /usr/include/x86_64-linux-gnu/qt5/QtOpenGL -isystem /usr/include/x86_64-linux-gnu/qt5/QtWidgets -isystem /usr/include/x86_64-linux-gnu/qt5/QtGui -isystem /usr/include/x86_64-linux-gnu/qt5/QtCore -I. -I/usr/lib/x86_64-linux-gnu/qt5/mkspecs/linux-g++ -o object.o src/class/object.cpp
g++ -Wl,-O1 -o BulletSimulation gameinit.o gameloop.o gamemain.o camera.o daeload.o datatypes.o shader.o debug.o eventhandler.o object.o   -L./vcpkg/installed/x64-linux/lib -lSDL2 -lBulletSoftBody -lBulletDynamics -lBullet3Common -lBulletCollision -lBulletInverseDynamics -lLinearMath -ljsoncpp -lSDL2main -ltinyobjloader -ltinyxml2 -ldl -lm /usr/lib/x86_64-linux-gnu/libQt5OpenGL.so /usr/lib/x86_64-linux-gnu/libQt5Widgets.so /usr/lib/x86_64-linux-gnu/libQt5Gui.so /usr/lib/x86_64-linux-gnu/libQt5Core.so /usr/lib/x86_64-linux-gnu/libGL.so -lpthread   
make: Leaving directory '/home/user/Code/c++/BulletSimulation'
 
